---------------------------------------------------------------
[ 2017-08-11T17:59:46+08:00 ] ::1 ::1 POST /touzipingtai/code/php/tzpt/public/
[ info ] localhost/touzipingtai/code/php/tzpt/public/ [运行时间：3.532026s][吞吐率：0.28req/s] [内存消耗：3,179.78kb] [文件加载：53]
[ info ] [ LANG ] D:\www\touzipingtai\code\php\tzpt\thinkphp\lang\zh-cn.php
[ info ] [ ROUTE ] array (
  'type' => 'module',
  'module' => 
  array (
    0 => '',
    1 => NULL,
    2 => NULL,
  ),
)
[ info ] [ HEADER ] array (
  'host' => 'localhost',
  'connection' => 'keep-alive',
  'content-length' => '291',
  'cache-control' => 'max-age=0',
  'origin' => 'http://localhost',
  'upgrade-insecure-requests' => '1',
  'user-agent' => 'Mozilla/5.0 (Windows NT 10.0; WOW64) AppleWebKit/537.36 (KHTML, like Gecko) Chrome/60.0.3112.90 Safari/537.36',
  'content-type' => 'multipart/form-data; boundary=----WebKitFormBoundarym0Nhg0BUEBE1SsiN',
  'accept' => 'text/html,application/xhtml+xml,application/xml;q=0.9,image/webp,image/apng,*/*;q=0.8',
  'referer' => 'http://localhost/touzipingtai/code/php/tzpt/api_test.html',
  'accept-encoding' => 'gzip, deflate, br',
  'accept-language' => 'zh-CN,zh;q=0.8',
  'cookie' => 'pgv_pvi=8114503680; 9Lhb_2132_ulastactivity=6ef9Fun4%2FGSxTE5Ys0OkBcpSyVpjaAQuphd4JIu11PuoZYOiXVr5; OZ_1U_2119=vid=v8aa896266128b.0&ctime=1489972702&ltime=1488520476; Phpstorm-ff26543c=98c78e61-f066-493b-99a6-39905a27f7dc; jWM2jv_admin_username=admin',
)
[ info ] [ PARAM ] array (
  'data' => 'YXBpaWQ9V0pKTWVhQlgmYXBpa2V5PVpJS1hleEdmVkZhTkZSeTMmYXBpdHlwZT1hc2tQcm9qZWN0JnByb2plY3RfaWQ9MiZ0eXBlPTEmdG9rZW49NDZlNjY4YzA3YzY4ZGM3MDBiZGIzZWY3Y2Q0NzM4ZTc=',
)
[ info ] [ RUN ] app\index\controller\Index->index[ D:\www\touzipingtai\code\php\tzpt\application\index\controller\Index.php ]
[ info ] [ DB ] INIT mysql
[ info ] [ LOG ] INIT File
[ log ] data为：YXBpaWQ9V0pKTWVhQlgmYXBpa2V5PVpJS1hleEdmVkZhTkZSeTMmYXBpdHlwZT1hc2tQcm9qZWN0JnByb2plY3RfaWQ9MiZ0eXBlPTEmdG9rZW49NDZlNjY4YzA3YzY4ZGM3MDBiZGIzZWY3Y2Q0NzM4ZTc=
[ sql ] [ DB ] CONNECT:[ UseTime:0.164167s ] mysql:dbname=invest;host=139.196.255.96;charset=utf8
[ sql ] [ SQL ] SHOW COLUMNS FROM `tpn_user` [ RunTime:0.125302s ]
[ sql ] [ SQL ] SELECT * FROM `tpn_user` WHERE  `logintoken` = '46e668c07c68dc700bdb3ef7cd4738e7' LIMIT 1 [ RunTime:0.083270s ]
[ sql ] [ SQL ] SELECT * FROM `tpn_user` WHERE  `uid` = 16 LIMIT 1 [ RunTime:0.080031s ]
---------------------------------------------------------------
[ 2017-08-11T18:00:00+08:00 ] ::1 ::1 POST /touzipingtai/code/php/tzpt/public/
[ info ] localhost/touzipingtai/code/php/tzpt/public/ [运行时间：0.943041s][吞吐率：1.06req/s] [内存消耗：3,178.36kb] [文件加载：53]
[ info ] [ LANG ] D:\www\touzipingtai\code\php\tzpt\thinkphp\lang\zh-cn.php
[ info ] [ ROUTE ] array (
  'type' => 'module',
  'module' => 
  array (
    0 => '',
    1 => NULL,
    2 => NULL,
  ),
)
[ info ] [ HEADER ] array (
  'host' => 'localhost',
  'connection' => 'keep-alive',
  'content-length' => '291',
  'cache-control' => 'max-age=0',
  'origin' => 'http://localhost',
  'upgrade-insecure-requests' => '1',
  'user-agent' => 'Mozilla/5.0 (Windows NT 10.0; WOW64) AppleWebKit/537.36 (KHTML, like Gecko) Chrome/60.0.3112.90 Safari/537.36',
  'content-type' => 'multipart/form-data; boundary=----WebKitFormBoundary4sd8u4UASJ6zrIB4',
  'accept' => 'text/html,application/xhtml+xml,application/xml;q=0.9,image/webp,image/apng,*/*;q=0.8',
  'referer' => 'http://localhost/touzipingtai/code/php/tzpt/api_test.html',
  'accept-encoding' => 'gzip, deflate, br',
  'accept-language' => 'zh-CN,zh;q=0.8',
  'cookie' => 'pgv_pvi=8114503680; 9Lhb_2132_ulastactivity=6ef9Fun4%2FGSxTE5Ys0OkBcpSyVpjaAQuphd4JIu11PuoZYOiXVr5; OZ_1U_2119=vid=v8aa896266128b.0&ctime=1489972702&ltime=1488520476; Phpstorm-ff26543c=98c78e61-f066-493b-99a6-39905a27f7dc; jWM2jv_admin_username=admin',
)
[ info ] [ PARAM ] array (
  'data' => 'YXBpaWQ9V0pKTWVhQlgmYXBpa2V5PVpJS1hleEdmVkZhTkZSeTMmYXBpdHlwZT1hc2tQcm9qZWN0JnByb2plY3RfaWQ9MiZ0eXBlPTEmdG9rZW49NDZlNjY4YzA3YzY4ZGM3MDBiZGIzZWY3Y2Q0NzM4ZTc=',
)
[ info ] [ RUN ] app\index\controller\Index->index[ D:\www\touzipingtai\code\php\tzpt\application\index\controller\Index.php ]
[ info ] [ DB ] INIT mysql
[ info ] [ LOG ] INIT File
[ log ] data为：YXBpaWQ9V0pKTWVhQlgmYXBpa2V5PVpJS1hleEdmVkZhTkZSeTMmYXBpdHlwZT1hc2tQcm9qZWN0JnByb2plY3RfaWQ9MiZ0eXBlPTEmdG9rZW49NDZlNjY4YzA3YzY4ZGM3MDBiZGIzZWY3Y2Q0NzM4ZTc=
[ sql ] [ DB ] CONNECT:[ UseTime:0.162650s ] mysql:dbname=invest;host=139.196.255.96;charset=utf8
[ sql ] [ SQL ] SHOW COLUMNS FROM `tpn_user` [ RunTime:0.089731s ]
[ sql ] [ SQL ] SELECT * FROM `tpn_user` WHERE  `logintoken` = '46e668c07c68dc700bdb3ef7cd4738e7' LIMIT 1 [ RunTime:0.081681s ]
[ sql ] [ SQL ] SELECT * FROM `tpn_user` WHERE  `uid` = 16 LIMIT 1 [ RunTime:0.081022s ]
---------------------------------------------------------------
[ 2017-08-11T18:26:45+08:00 ] ::1 ::1 POST /touzipingtai/code/php/tzpt/public/
[ info ] localhost/touzipingtai/code/php/tzpt/public/ [运行时间：0.981815s][吞吐率：1.02req/s] [内存消耗：3,141.05kb] [文件加载：51]
[ info ] [ LANG ] D:\www\touzipingtai\code\php\tzpt\thinkphp\lang\zh-cn.php
[ info ] [ ROUTE ] array (
  'type' => 'module',
  'module' => 
  array (
    0 => '',
    1 => NULL,
    2 => NULL,
  ),
)
[ info ] [ HEADER ] array (
  'host' => 'localhost',
  'connection' => 'keep-alive',
  'content-length' => '291',
  'cache-control' => 'max-age=0',
  'origin' => 'http://localhost',
  'upgrade-insecure-requests' => '1',
  'user-agent' => 'Mozilla/5.0 (Windows NT 10.0; WOW64) AppleWebKit/537.36 (KHTML, like Gecko) Chrome/60.0.3112.90 Safari/537.36',
  'content-type' => 'multipart/form-data; boundary=----WebKitFormBoundaryAg10rUkqCIh0RNtq',
  'accept' => 'text/html,application/xhtml+xml,application/xml;q=0.9,image/webp,image/apng,*/*;q=0.8',
  'referer' => 'http://localhost/touzipingtai/code/php/tzpt/api_test.html',
  'accept-encoding' => 'gzip, deflate, br',
  'accept-language' => 'zh-CN,zh;q=0.8',
  'cookie' => 'pgv_pvi=8114503680; 9Lhb_2132_ulastactivity=6ef9Fun4%2FGSxTE5Ys0OkBcpSyVpjaAQuphd4JIu11PuoZYOiXVr5; OZ_1U_2119=vid=v8aa896266128b.0&ctime=1489972702&ltime=1488520476; jWM2jv_admin_username=admin',
)
[ info ] [ PARAM ] array (
  'data' => 'YXBpaWQ9V0pKTWVhQlgmYXBpa2V5PVpJS1hleEdmVkZhTkZSeTMmYXBpdHlwZT1hc2tQcm9qZWN0JnByb2plY3RfaWQ9MiZ0eXBlPTEmdG9rZW49NDZlNjY4YzA3YzY4ZGM3MDBiZGIzZWY3Y2Q0NzM4ZTc=',
)
[ info ] [ RUN ] app\index\controller\Index->index[ D:\www\touzipingtai\code\php\tzpt\application\index\controller\Index.php ]
[ info ] [ DB ] INIT mysql
[ info ] [ LOG ] INIT File
[ log ] data为：YXBpaWQ9V0pKTWVhQlgmYXBpa2V5PVpJS1hleEdmVkZhTkZSeTMmYXBpdHlwZT1hc2tQcm9qZWN0JnByb2plY3RfaWQ9MiZ0eXBlPTEmdG9rZW49NDZlNjY4YzA3YzY4ZGM3MDBiZGIzZWY3Y2Q0NzM4ZTc=
[ sql ] [ DB ] CONNECT:[ UseTime:0.160944s ] mysql:dbname=invest;host=139.196.255.96;charset=utf8
[ sql ] [ SQL ] SHOW COLUMNS FROM `tpn_user` [ RunTime:0.081743s ]
[ sql ] [ SQL ] SELECT * FROM `tpn_user` WHERE  `logintoken` = '46e668c07c68dc700bdb3ef7cd4738e7' LIMIT 1 [ RunTime:0.078175s ]
[ sql ] [ SQL ] SELECT * FROM `tpn_user` WHERE  `uid` = 16 LIMIT 1 [ RunTime:0.081291s ]
