---------------------------------------------------------------
[ 2017-08-21T10:12:54+08:00 ] ::1 ::1 POST /touzipingtai/code/php/tzpt/public/
[ info ] localhost/touzipingtai/code/php/tzpt/public/ [运行时间：2.683544s][吞吐率：0.37req/s] [内存消耗：3,153.34kb] [文件加载：54]
[ info ] [ LANG ] D:\www\touzipingtai\code\php\tzpt\thinkphp\lang\zh-cn.php
[ info ] [ ROUTE ] array (
  'type' => 'module',
  'module' => 
  array (
    0 => '',
    1 => NULL,
    2 => NULL,
  ),
)
[ info ] [ HEADER ] array (
  'host' => 'localhost',
  'connection' => 'keep-alive',
  'content-length' => '307',
  'cache-control' => 'max-age=0',
  'origin' => 'http://localhost',
  'upgrade-insecure-requests' => '1',
  'user-agent' => 'Mozilla/5.0 (Windows NT 10.0; WOW64) AppleWebKit/537.36 (KHTML, like Gecko) Chrome/60.0.3112.101 Safari/537.36',
  'content-type' => 'multipart/form-data; boundary=----WebKitFormBoundaryxttDaK78vzqBcM1L',
  'accept' => 'text/html,application/xhtml+xml,application/xml;q=0.9,image/webp,image/apng,*/*;q=0.8',
  'referer' => 'http://localhost/touzipingtai/code/php/tzpt/api_test.html',
  'accept-encoding' => 'gzip, deflate, br',
  'accept-language' => 'zh-CN,zh;q=0.8',
  'cookie' => 'pgv_pvi=8114503680; 9Lhb_2132_ulastactivity=6ef9Fun4%2FGSxTE5Ys0OkBcpSyVpjaAQuphd4JIu11PuoZYOiXVr5; OZ_1U_2119=vid=v8aa896266128b.0&ctime=1489972702&ltime=1488520476; Phpstorm-ff26543c=98c78e61-f066-493b-99a6-39905a27f7dc; jWM2jv_admin_username=admin; 9Lhb_2132_saltkey=EcoHxzvo',
)
[ info ] [ PARAM ] array (
  'data' => 'YXBpdHlwZT10aGlyZExvZ2luJm5pbmFtZT3po47kuK3kuIDljLnni7wmc291cmNlPTEmb3BlbmlkPTg4NkRGNjAwRUFGOTlERkE1NkEzRDAxMTg2NzMzMzJFJmFwaWlkPVdKSk1lYUJYJmFwaWtleT1aSUtYZXhHZlZGYU5GUnkz',
)
[ info ] [ RUN ] app\index\controller\Index->index[ D:\www\touzipingtai\code\php\tzpt\application\index\controller\Index.php ]
[ info ] [ DB ] INIT mysql
[ info ] [ LOG ] INIT File
[ log ] data为：YXBpdHlwZT10aGlyZExvZ2luJm5pbmFtZT3po47kuK3kuIDljLnni7wmc291cmNlPTEmb3BlbmlkPTg4NkRGNjAwRUFGOTlERkE1NkEzRDAxMTg2NzMzMzJFJmFwaWlkPVdKSk1lYUJYJmFwaWtleT1aSUtYZXhHZlZGYU5GUnkz
[ sql ] [ DB ] CONNECT:[ UseTime:0.384047s ] mysql:dbname=invest;host=139.196.255.96;charset=utf8
[ sql ] [ SQL ] SHOW COLUMNS FROM `tpn_user` [ RunTime:0.171907s ]
[ sql ] [ SQL ] SELECT `uid` FROM `tpn_user` WHERE  `openid` = '886DF600EAF99DFA56A3D0118673332E' LIMIT 1 [ RunTime:0.088277s ]
[ error ] [10501]SQLSTATE[23000]: Integrity constraint violation: 1062 Duplicate entry '0' for key 'fk_phone'[D:\www\touzipingtai\code\php\tzpt\thinkphp\library\think\db\Connection.php:451]
---------------------------------------------------------------
[ 2017-08-21T17:51:19+08:00 ] ::1 ::1 POST /touzipingtai/code/php/tzpt/public/
[ info ] localhost/touzipingtai/code/php/tzpt/public/ [运行时间：2.081911s][吞吐率：0.48req/s] [内存消耗：3,184.72kb] [文件加载：55]
[ info ] [ LANG ] D:\www\touzipingtai\code\php\tzpt\thinkphp\lang\zh-cn.php
[ info ] [ ROUTE ] array (
  'type' => 'module',
  'module' => 
  array (
    0 => '',
    1 => NULL,
    2 => NULL,
  ),
)
[ info ] [ HEADER ] array (
  'host' => 'localhost',
  'connection' => 'keep-alive',
  'content-length' => '211',
  'cache-control' => 'max-age=0',
  'origin' => 'http://localhost',
  'upgrade-insecure-requests' => '1',
  'user-agent' => 'Mozilla/5.0 (Windows NT 10.0; WOW64) AppleWebKit/537.36 (KHTML, like Gecko) Chrome/60.0.3112.101 Safari/537.36',
  'content-type' => 'multipart/form-data; boundary=----WebKitFormBoundaryhnSsu8SwF8PLJsFP',
  'accept' => 'text/html,application/xhtml+xml,application/xml;q=0.9,image/webp,image/apng,*/*;q=0.8',
  'referer' => 'http://localhost/touzipingtai/code/php/tzpt/api_test.html',
  'accept-encoding' => 'gzip, deflate, br',
  'accept-language' => 'zh-CN,zh;q=0.8',
  'cookie' => 'pgv_pvi=8114503680; 9Lhb_2132_ulastactivity=6ef9Fun4%2FGSxTE5Ys0OkBcpSyVpjaAQuphd4JIu11PuoZYOiXVr5; OZ_1U_2119=vid=v8aa896266128b.0&ctime=1489972702&ltime=1488520476; Phpstorm-ff26543c=98c78e61-f066-493b-99a6-39905a27f7dc; jWM2jv_admin_username=admin; 9Lhb_2132_saltkey=EcoHxzvo',
)
[ info ] [ PARAM ] array (
  'data' => 'YXBpaWQ9V0pKTWVhQlgmYXBpa2V5PVpJS1hleEdmVkZhTkZSeTMmYXBpdHlwZT1hZGRyZXNzT25l',
)
[ info ] [ RUN ] app\index\controller\Index->index[ D:\www\touzipingtai\code\php\tzpt\application\index\controller\Index.php ]
[ info ] [ DB ] INIT mysql
[ info ] [ LOG ] INIT File
[ log ] data为：YXBpaWQ9V0pKTWVhQlgmYXBpa2V5PVpJS1hleEdmVkZhTkZSeTMmYXBpdHlwZT1hZGRyZXNzT25l
[ sql ] [ DB ] CONNECT:[ UseTime:0.181582s ] mysql:dbname=invest;host=139.196.255.96;charset=utf8
[ sql ] [ SQL ] SHOW COLUMNS FROM `tpn_city` [ RunTime:0.108553s ]
[ sql ] [ SQL ] SELECT `id`,`name` FROM `tpn_city` WHERE  `parent_id` = 0 [ RunTime:0.086385s ]
[ error ] [2]array_merge(): Argument #2 is not an array[D:\www\touzipingtai\code\php\tzpt\application\index\controller\Index.php:815]
---------------------------------------------------------------
[ 2017-08-21T17:52:20+08:00 ] ::1 ::1 POST /touzipingtai/code/php/tzpt/public/
[ info ] localhost/touzipingtai/code/php/tzpt/public/ [运行时间：0.413996s][吞吐率：2.42req/s] [内存消耗：3,184.72kb] [文件加载：55]
[ info ] [ LANG ] D:\www\touzipingtai\code\php\tzpt\thinkphp\lang\zh-cn.php
[ info ] [ ROUTE ] array (
  'type' => 'module',
  'module' => 
  array (
    0 => '',
    1 => NULL,
    2 => NULL,
  ),
)
[ info ] [ HEADER ] array (
  'host' => 'localhost',
  'connection' => 'keep-alive',
  'content-length' => '211',
  'cache-control' => 'max-age=0',
  'origin' => 'http://localhost',
  'upgrade-insecure-requests' => '1',
  'user-agent' => 'Mozilla/5.0 (Windows NT 10.0; WOW64) AppleWebKit/537.36 (KHTML, like Gecko) Chrome/60.0.3112.101 Safari/537.36',
  'content-type' => 'multipart/form-data; boundary=----WebKitFormBoundarySy7KMLqUmTnFstqa',
  'accept' => 'text/html,application/xhtml+xml,application/xml;q=0.9,image/webp,image/apng,*/*;q=0.8',
  'referer' => 'http://localhost/touzipingtai/code/php/tzpt/api_test.html',
  'accept-encoding' => 'gzip, deflate, br',
  'accept-language' => 'zh-CN,zh;q=0.8',
  'cookie' => 'pgv_pvi=8114503680; 9Lhb_2132_ulastactivity=6ef9Fun4%2FGSxTE5Ys0OkBcpSyVpjaAQuphd4JIu11PuoZYOiXVr5; OZ_1U_2119=vid=v8aa896266128b.0&ctime=1489972702&ltime=1488520476; Phpstorm-ff26543c=98c78e61-f066-493b-99a6-39905a27f7dc; jWM2jv_admin_username=admin; 9Lhb_2132_saltkey=EcoHxzvo',
)
[ info ] [ PARAM ] array (
  'data' => 'YXBpaWQ9V0pKTWVhQlgmYXBpa2V5PVpJS1hleEdmVkZhTkZSeTMmYXBpdHlwZT1hZGRyZXNzT25l',
)
[ info ] [ RUN ] app\index\controller\Index->index[ D:\www\touzipingtai\code\php\tzpt\application\index\controller\Index.php ]
[ info ] [ DB ] INIT mysql
[ info ] [ LOG ] INIT File
[ log ] data为：YXBpaWQ9V0pKTWVhQlgmYXBpa2V5PVpJS1hleEdmVkZhTkZSeTMmYXBpdHlwZT1hZGRyZXNzT25l
[ sql ] [ DB ] CONNECT:[ UseTime:0.123458s ] mysql:dbname=invest;host=139.196.255.96;charset=utf8
[ sql ] [ SQL ] SHOW COLUMNS FROM `tpn_city` [ RunTime:0.084631s ]
[ sql ] [ SQL ] SELECT `id`,`name` FROM `tpn_city` WHERE  `parent_id` = 0 [ RunTime:0.083313s ]
[ error ] [2]array_merge(): Argument #1 is not an array[D:\www\touzipingtai\code\php\tzpt\application\index\controller\Index.php:815]
---------------------------------------------------------------
[ 2017-08-21T17:52:49+08:00 ] ::1 ::1 POST /touzipingtai/code/php/tzpt/public/
[ info ] localhost/touzipingtai/code/php/tzpt/public/ [运行时间：0.945041s][吞吐率：1.06req/s] [内存消耗：3,246.17kb] [文件加载：49]
[ info ] [ LANG ] D:\www\touzipingtai\code\php\tzpt\thinkphp\lang\zh-cn.php
[ info ] [ ROUTE ] array (
  'type' => 'module',
  'module' => 
  array (
    0 => '',
    1 => NULL,
    2 => NULL,
  ),
)
[ info ] [ HEADER ] array (
  'host' => 'localhost',
  'connection' => 'keep-alive',
  'content-length' => '211',
  'cache-control' => 'max-age=0',
  'origin' => 'http://localhost',
  'upgrade-insecure-requests' => '1',
  'user-agent' => 'Mozilla/5.0 (Windows NT 10.0; WOW64) AppleWebKit/537.36 (KHTML, like Gecko) Chrome/60.0.3112.101 Safari/537.36',
  'content-type' => 'multipart/form-data; boundary=----WebKitFormBoundaryGZZFZKZHpSXQqmXc',
  'accept' => 'text/html,application/xhtml+xml,application/xml;q=0.9,image/webp,image/apng,*/*;q=0.8',
  'referer' => 'http://localhost/touzipingtai/code/php/tzpt/api_test.html',
  'accept-encoding' => 'gzip, deflate, br',
  'accept-language' => 'zh-CN,zh;q=0.8',
  'cookie' => 'pgv_pvi=8114503680; 9Lhb_2132_ulastactivity=6ef9Fun4%2FGSxTE5Ys0OkBcpSyVpjaAQuphd4JIu11PuoZYOiXVr5; OZ_1U_2119=vid=v8aa896266128b.0&ctime=1489972702&ltime=1488520476; Phpstorm-ff26543c=98c78e61-f066-493b-99a6-39905a27f7dc; jWM2jv_admin_username=admin; 9Lhb_2132_saltkey=EcoHxzvo',
)
[ info ] [ PARAM ] array (
  'data' => 'YXBpaWQ9V0pKTWVhQlgmYXBpa2V5PVpJS1hleEdmVkZhTkZSeTMmYXBpdHlwZT1hZGRyZXNzT25l',
)
[ info ] [ RUN ] app\index\controller\Index->index[ D:\www\touzipingtai\code\php\tzpt\application\index\controller\Index.php ]
[ info ] [ DB ] INIT mysql
[ info ] [ LOG ] INIT File
[ log ] data为：YXBpaWQ9V0pKTWVhQlgmYXBpa2V5PVpJS1hleEdmVkZhTkZSeTMmYXBpdHlwZT1hZGRyZXNzT25l
[ sql ] [ DB ] CONNECT:[ UseTime:0.122896s ] mysql:dbname=invest;host=139.196.255.96;charset=utf8
[ sql ] [ SQL ] SHOW COLUMNS FROM `tpn_city` [ RunTime:0.084571s ]
[ sql ] [ SQL ] SELECT `id`,`name` FROM `tpn_city` WHERE  `parent_id` = 0 [ RunTime:0.109170s ]
---------------------------------------------------------------
[ 2017-08-21T17:53:43+08:00 ] ::1 ::1 POST /touzipingtai/code/php/tzpt/public/
[ info ] localhost/touzipingtai/code/php/tzpt/public/ [运行时间：0.870750s][吞吐率：1.15req/s] [内存消耗：3,139.95kb] [文件加载：49]
[ info ] [ LANG ] D:\www\touzipingtai\code\php\tzpt\thinkphp\lang\zh-cn.php
[ info ] [ ROUTE ] array (
  'type' => 'module',
  'module' => 
  array (
    0 => '',
    1 => NULL,
    2 => NULL,
  ),
)
[ info ] [ HEADER ] array (
  'host' => 'localhost',
  'connection' => 'keep-alive',
  'content-length' => '211',
  'cache-control' => 'max-age=0',
  'origin' => 'http://localhost',
  'upgrade-insecure-requests' => '1',
  'user-agent' => 'Mozilla/5.0 (Windows NT 10.0; WOW64) AppleWebKit/537.36 (KHTML, like Gecko) Chrome/60.0.3112.101 Safari/537.36',
  'content-type' => 'multipart/form-data; boundary=----WebKitFormBoundaryeRf7FeklYu7YwPxN',
  'accept' => 'text/html,application/xhtml+xml,application/xml;q=0.9,image/webp,image/apng,*/*;q=0.8',
  'referer' => 'http://localhost/touzipingtai/code/php/tzpt/api_test.html',
  'accept-encoding' => 'gzip, deflate, br',
  'accept-language' => 'zh-CN,zh;q=0.8',
  'cookie' => 'pgv_pvi=8114503680; 9Lhb_2132_ulastactivity=6ef9Fun4%2FGSxTE5Ys0OkBcpSyVpjaAQuphd4JIu11PuoZYOiXVr5; OZ_1U_2119=vid=v8aa896266128b.0&ctime=1489972702&ltime=1488520476; Phpstorm-ff26543c=98c78e61-f066-493b-99a6-39905a27f7dc; jWM2jv_admin_username=admin; 9Lhb_2132_saltkey=EcoHxzvo',
)
[ info ] [ PARAM ] array (
  'data' => 'YXBpaWQ9V0pKTWVhQlgmYXBpa2V5PVpJS1hleEdmVkZhTkZSeTMmYXBpdHlwZT1hZGRyZXNzT25l',
)
[ info ] [ RUN ] app\index\controller\Index->index[ D:\www\touzipingtai\code\php\tzpt\application\index\controller\Index.php ]
[ info ] [ DB ] INIT mysql
[ info ] [ LOG ] INIT File
[ log ] data为：YXBpaWQ9V0pKTWVhQlgmYXBpa2V5PVpJS1hleEdmVkZhTkZSeTMmYXBpdHlwZT1hZGRyZXNzT25l
[ sql ] [ DB ] CONNECT:[ UseTime:0.141521s ] mysql:dbname=invest;host=139.196.255.96;charset=utf8
[ sql ] [ SQL ] SHOW COLUMNS FROM `tpn_city` [ RunTime:0.092548s ]
[ sql ] [ SQL ] SELECT `id`,`name` FROM `tpn_city` WHERE  `parent_id` = 0 [ RunTime:0.086196s ]
---------------------------------------------------------------
[ 2017-08-21T17:53:57+08:00 ] ::1 ::1 POST /touzipingtai/code/php/tzpt/public/
[ info ] localhost/touzipingtai/code/php/tzpt/public/ [运行时间：0.576300s][吞吐率：1.74req/s] [内存消耗：3,139.95kb] [文件加载：49]
[ info ] [ LANG ] D:\www\touzipingtai\code\php\tzpt\thinkphp\lang\zh-cn.php
[ info ] [ ROUTE ] array (
  'type' => 'module',
  'module' => 
  array (
    0 => '',
    1 => NULL,
    2 => NULL,
  ),
)
[ info ] [ HEADER ] array (
  'host' => 'localhost',
  'connection' => 'keep-alive',
  'content-length' => '211',
  'cache-control' => 'max-age=0',
  'origin' => 'http://localhost',
  'upgrade-insecure-requests' => '1',
  'user-agent' => 'Mozilla/5.0 (Windows NT 10.0; WOW64) AppleWebKit/537.36 (KHTML, like Gecko) Chrome/60.0.3112.101 Safari/537.36',
  'content-type' => 'multipart/form-data; boundary=----WebKitFormBoundaryARGJnbriVFyM3NjL',
  'accept' => 'text/html,application/xhtml+xml,application/xml;q=0.9,image/webp,image/apng,*/*;q=0.8',
  'referer' => 'http://localhost/touzipingtai/code/php/tzpt/api_test.html',
  'accept-encoding' => 'gzip, deflate, br',
  'accept-language' => 'zh-CN,zh;q=0.8',
  'cookie' => 'pgv_pvi=8114503680; 9Lhb_2132_ulastactivity=6ef9Fun4%2FGSxTE5Ys0OkBcpSyVpjaAQuphd4JIu11PuoZYOiXVr5; OZ_1U_2119=vid=v8aa896266128b.0&ctime=1489972702&ltime=1488520476; Phpstorm-ff26543c=98c78e61-f066-493b-99a6-39905a27f7dc; jWM2jv_admin_username=admin; 9Lhb_2132_saltkey=EcoHxzvo',
)
[ info ] [ PARAM ] array (
  'data' => 'YXBpaWQ9V0pKTWVhQlgmYXBpa2V5PVpJS1hleEdmVkZhTkZSeTMmYXBpdHlwZT1hZGRyZXNzT25l',
)
[ info ] [ RUN ] app\index\controller\Index->index[ D:\www\touzipingtai\code\php\tzpt\application\index\controller\Index.php ]
[ info ] [ DB ] INIT mysql
[ info ] [ LOG ] INIT File
[ log ] data为：YXBpaWQ9V0pKTWVhQlgmYXBpa2V5PVpJS1hleEdmVkZhTkZSeTMmYXBpdHlwZT1hZGRyZXNzT25l
[ sql ] [ DB ] CONNECT:[ UseTime:0.239085s ] mysql:dbname=invest;host=139.196.255.96;charset=utf8
[ sql ] [ SQL ] SHOW COLUMNS FROM `tpn_city` [ RunTime:0.090513s ]
[ sql ] [ SQL ] SELECT `id`,`name` FROM `tpn_city` WHERE  `parent_id` = 0 [ RunTime:0.088051s ]
---------------------------------------------------------------
[ 2017-08-21T17:54:21+08:00 ] ::1 ::1 POST /touzipingtai/code/php/tzpt/public/
[ info ] localhost/touzipingtai/code/php/tzpt/public/ [运行时间：0.358894s][吞吐率：2.79req/s] [内存消耗：3,140.09kb] [文件加载：49]
[ info ] [ LANG ] D:\www\touzipingtai\code\php\tzpt\thinkphp\lang\zh-cn.php
[ info ] [ ROUTE ] array (
  'type' => 'module',
  'module' => 
  array (
    0 => '',
    1 => NULL,
    2 => NULL,
  ),
)
[ info ] [ HEADER ] array (
  'host' => 'localhost',
  'connection' => 'keep-alive',
  'content-length' => '211',
  'cache-control' => 'max-age=0',
  'origin' => 'http://localhost',
  'upgrade-insecure-requests' => '1',
  'user-agent' => 'Mozilla/5.0 (Windows NT 10.0; WOW64) AppleWebKit/537.36 (KHTML, like Gecko) Chrome/60.0.3112.101 Safari/537.36',
  'content-type' => 'multipart/form-data; boundary=----WebKitFormBoundaryZ6dmV5Enp3zzu4l7',
  'accept' => 'text/html,application/xhtml+xml,application/xml;q=0.9,image/webp,image/apng,*/*;q=0.8',
  'referer' => 'http://localhost/touzipingtai/code/php/tzpt/api_test.html',
  'accept-encoding' => 'gzip, deflate, br',
  'accept-language' => 'zh-CN,zh;q=0.8',
  'cookie' => 'pgv_pvi=8114503680; 9Lhb_2132_ulastactivity=6ef9Fun4%2FGSxTE5Ys0OkBcpSyVpjaAQuphd4JIu11PuoZYOiXVr5; OZ_1U_2119=vid=v8aa896266128b.0&ctime=1489972702&ltime=1488520476; Phpstorm-ff26543c=98c78e61-f066-493b-99a6-39905a27f7dc; jWM2jv_admin_username=admin; 9Lhb_2132_saltkey=EcoHxzvo',
)
[ info ] [ PARAM ] array (
  'data' => 'YXBpaWQ9V0pKTWVhQlgmYXBpa2V5PVpJS1hleEdmVkZhTkZSeTMmYXBpdHlwZT1hZGRyZXNzT25l',
)
[ info ] [ RUN ] app\index\controller\Index->index[ D:\www\touzipingtai\code\php\tzpt\application\index\controller\Index.php ]
[ info ] [ DB ] INIT mysql
[ info ] [ LOG ] INIT File
[ log ] data为：YXBpaWQ9V0pKTWVhQlgmYXBpa2V5PVpJS1hleEdmVkZhTkZSeTMmYXBpdHlwZT1hZGRyZXNzT25l
[ sql ] [ DB ] CONNECT:[ UseTime:0.118678s ] mysql:dbname=invest;host=139.196.255.96;charset=utf8
[ sql ] [ SQL ] SHOW COLUMNS FROM `tpn_city` [ RunTime:0.078133s ]
[ sql ] [ SQL ] SELECT `id`,`name` FROM `tpn_city` WHERE  `parent_id` = 0 [ RunTime:0.089698s ]
